<?xml version="1.0" encoding="UTF-8"?>
<!-- Generated by org.testng.reporters.JUnitXMLReporter -->
<testsuite hostname="DESKTOP-D8HNM4S" ignored="0" name="Test3" tests="3" failures="0" timestamp="2020-11-23T13:27:15 IST" time="31.698" errors="0">
  <testcase name="launchSite" time="23.229" classname="tests.FBLoginTest"/>
  <testcase name="loginTest" time="8.206" classname="tests.FBLoginTest"/>
  <testcase name="closeSite" time="0.179" classname="tests.FBLoginTest"/>
</testsuite> <!-- Test3 -->
