<?xml version="1.0" encoding="UTF-8"?>
<testng-results skipped="0" failed="1" ignored="0" total="20" passed="19">
  <reporter-output>
    <line>
      <![CDATA[Blank/Nondomain email address test passed]]>
    </line>
    <line>
      <![CDATA[Blank/Invalid password test passed]]>
    </line>
    <line>
      <![CDATA[Invalid email address test passed]]>
    </line>
    <line>
      <![CDATA[Blank/Invalid password test passed]]>
    </line>
    <line>
      <![CDATA[Login test failed]]>
    </line>
    <line>
      <![CDATA[<img src="file:///E:\Automation\AutomationNested\com.tddtestng.gui.facebook\21-Nov-2020-08-53-20.png" alt=""/>]]>
    </line>
    <line>
      <![CDATA[Invalid email address test passed]]>
    </line>
    <line>
      <![CDATA[Blank/Invalid password test passed]]>
    </line>
    <line>
      <![CDATA[Blank/Invalid password test passed]]>
    </line>
    <line>
      <![CDATA[Login test passed]]>
    </line>
  </reporter-output>
  <suite name="Suite" duration-ms="42040" started-at="2020-11-21T20:52:26 IST" finished-at="2020-11-21T20:53:08 IST">
    <groups>
    </groups>
    <test name="Test1" duration-ms="33689" started-at="2020-11-21T20:52:26 IST" finished-at="2020-11-21T20:52:59 IST">
      <class name="tests.FBLoginTest">
        <test-method status="PASS" signature="launchSite(java.lang.String)[pri:1, instance:tests.FBLoginTest@eec5a4a]" name="launchSite" duration-ms="23713" started-at="2020-11-21T20:52:26 IST" finished-at="2020-11-21T20:52:49 IST">
          <params>
            <param index="0">
              <value>
                <![CDATA[chrome]]>
              </value>
            </param>
          </params>
          <reporter-output>
          </reporter-output>
        </test-method> <!-- launchSite -->
        <test-method status="PASS" signature="loginTest(java.lang.String, java.lang.String, java.lang.String, java.lang.String)[pri:2, instance:tests.FBLoginTest@eec5a4a]" name="loginTest" duration-ms="7735" started-at="2020-11-21T20:52:49 IST" finished-at="2020-11-21T20:52:57 IST">
          <params>
            <param index="0">
              <value>
                <![CDATA[]]>
              </value>
            </param>
            <param index="1">
              <value>
                <![CDATA[blank]]>
              </value>
            </param>
            <param index="2">
              <value>
                <![CDATA[PNRSIR@123]]>
              </value>
            </param>
            <param index="3">
              <value>
                <![CDATA[valid]]>
              </value>
            </param>
          </params>
          <reporter-output>
            <line>
              <![CDATA[Blank/Nondomain email address test passed]]>
            </line>
          </reporter-output>
        </test-method> <!-- loginTest -->
        <test-method status="PASS" signature="closeSite()[pri:3, instance:tests.FBLoginTest@eec5a4a]" name="closeSite" duration-ms="2162" started-at="2020-11-21T20:52:57 IST" finished-at="2020-11-21T20:52:59 IST">
          <reporter-output>
          </reporter-output>
        </test-method> <!-- closeSite -->
      </class> <!-- tests.FBLoginTest -->
    </test> <!-- Test1 -->
    <test name="Test5" duration-ms="37674" started-at="2020-11-21T20:52:26 IST" finished-at="2020-11-21T20:53:03 IST">
      <class name="tests.FBLoginTest">
        <test-method status="PASS" signature="launchSite(java.lang.String)[pri:1, instance:tests.FBLoginTest@72b6cbcc]" name="launchSite" duration-ms="29605" started-at="2020-11-21T20:52:26 IST" finished-at="2020-11-21T20:52:55 IST">
          <params>
            <param index="0">
              <value>
                <![CDATA[chrome]]>
              </value>
            </param>
          </params>
          <reporter-output>
          </reporter-output>
        </test-method> <!-- launchSite -->
        <test-method status="PASS" signature="loginTest(java.lang.String, java.lang.String, java.lang.String, java.lang.String)[pri:2, instance:tests.FBLoginTest@72b6cbcc]" name="loginTest" duration-ms="7442" started-at="2020-11-21T20:52:55 IST" finished-at="2020-11-21T20:53:03 IST">
          <params>
            <param index="0">
              <value>
                <![CDATA[odecontributors123@gmail.com]]>
              </value>
            </param>
            <param index="1">
              <value>
                <![CDATA[valid]]>
              </value>
            </param>
            <param index="2">
              <value>
                <![CDATA[PNRSIR@123]]>
              </value>
            </param>
            <param index="3">
              <value>
                <![CDATA[valid]]>
              </value>
            </param>
          </params>
          <reporter-output>
          </reporter-output>
        </test-method> <!-- loginTest -->
        <test-method status="PASS" signature="closeSite()[pri:3, instance:tests.FBLoginTest@72b6cbcc]" name="closeSite" duration-ms="563" started-at="2020-11-21T20:53:03 IST" finished-at="2020-11-21T20:53:03 IST">
          <reporter-output>
          </reporter-output>
        </test-method> <!-- closeSite -->
      </class> <!-- tests.FBLoginTest -->
    </test> <!-- Test5 -->
    <test name="Test2" duration-ms="41543" started-at="2020-11-21T20:52:26 IST" finished-at="2020-11-21T20:53:07 IST">
      <class name="tests.FBLoginTest">
        <test-method status="PASS" signature="launchSite(java.lang.String)[pri:1, instance:tests.FBLoginTest@1dfe2924]" name="launchSite" duration-ms="32837" started-at="2020-11-21T20:52:26 IST" finished-at="2020-11-21T20:52:58 IST">
          <params>
            <param index="0">
              <value>
                <![CDATA[chrome]]>
              </value>
            </param>
          </params>
          <reporter-output>
          </reporter-output>
        </test-method> <!-- launchSite -->
        <test-method status="PASS" signature="loginTest(java.lang.String, java.lang.String, java.lang.String, java.lang.String)[pri:2, instance:tests.FBLoginTest@1dfe2924]" name="loginTest" duration-ms="7955" started-at="2020-11-21T20:52:58 IST" finished-at="2020-11-21T20:53:06 IST">
          <params>
            <param index="0">
              <value>
                <![CDATA[codenonnnncontributors123@gmail.com]]>
              </value>
            </param>
            <param index="1">
              <value>
                <![CDATA[invalid]]>
              </value>
            </param>
            <param index="2">
              <value>
                <![CDATA[PNRSIR@123]]>
              </value>
            </param>
            <param index="3">
              <value>
                <![CDATA[valid]]>
              </value>
            </param>
          </params>
          <reporter-output>
            <line>
              <![CDATA[Invalid email address test passed]]>
            </line>
          </reporter-output>
        </test-method> <!-- loginTest -->
        <test-method status="PASS" signature="closeSite()[pri:3, instance:tests.FBLoginTest@1dfe2924]" name="closeSite" duration-ms="687" started-at="2020-11-21T20:53:06 IST" finished-at="2020-11-21T20:53:07 IST">
          <reporter-output>
          </reporter-output>
        </test-method> <!-- closeSite -->
      </class> <!-- tests.FBLoginTest -->
    </test> <!-- Test2 -->
    <test name="Test4" duration-ms="41743" started-at="2020-11-21T20:52:26 IST" finished-at="2020-11-21T20:53:07 IST">
      <class name="tests.FBLoginTest">
        <test-method status="PASS" signature="launchSite(java.lang.String)[pri:1, instance:tests.FBLoginTest@57855c9a]" name="launchSite" duration-ms="32793" started-at="2020-11-21T20:52:26 IST" finished-at="2020-11-21T20:52:58 IST">
          <params>
            <param index="0">
              <value>
                <![CDATA[chrome]]>
              </value>
            </param>
          </params>
          <reporter-output>
          </reporter-output>
        </test-method> <!-- launchSite -->
        <test-method status="PASS" signature="loginTest(java.lang.String, java.lang.String, java.lang.String, java.lang.String)[pri:2, instance:tests.FBLoginTest@57855c9a]" name="loginTest" duration-ms="7866" started-at="2020-11-21T20:52:58 IST" finished-at="2020-11-21T20:53:06 IST">
          <params>
            <param index="0">
              <value>
                <![CDATA[codecontributors123@gmail.com]]>
              </value>
            </param>
            <param index="1">
              <value>
                <![CDATA[valid]]>
              </value>
            </param>
            <param index="2">
              <value>
                <![CDATA[SIRPNR@123]]>
              </value>
            </param>
            <param index="3">
              <value>
                <![CDATA[invalid]]>
              </value>
            </param>
          </params>
          <reporter-output>
            <line>
              <![CDATA[Blank/Invalid password test passed]]>
            </line>
          </reporter-output>
        </test-method> <!-- loginTest -->
        <test-method status="PASS" signature="closeSite()[pri:3, instance:tests.FBLoginTest@57855c9a]" name="closeSite" duration-ms="1026" started-at="2020-11-21T20:53:06 IST" finished-at="2020-11-21T20:53:07 IST">
          <reporter-output>
          </reporter-output>
        </test-method> <!-- closeSite -->
      </class> <!-- tests.FBLoginTest -->
    </test> <!-- Test4 -->
    <test name="Test3" duration-ms="42040" started-at="2020-11-21T20:52:26 IST" finished-at="2020-11-21T20:53:08 IST">
      <class name="tests.FBLoginTest">
        <test-method status="PASS" signature="launchSite(java.lang.String)[pri:1, instance:tests.FBLoginTest@cd2dae5]" name="launchSite" duration-ms="33961" started-at="2020-11-21T20:52:26 IST" finished-at="2020-11-21T20:53:00 IST">
          <params>
            <param index="0">
              <value>
                <![CDATA[chrome]]>
              </value>
            </param>
          </params>
          <reporter-output>
          </reporter-output>
        </test-method> <!-- launchSite -->
        <test-method status="PASS" signature="loginTest(java.lang.String, java.lang.String, java.lang.String, java.lang.String)[pri:2, instance:tests.FBLoginTest@cd2dae5]" name="loginTest" duration-ms="7716" started-at="2020-11-21T20:53:00 IST" finished-at="2020-11-21T20:53:07 IST">
          <params>
            <param index="0">
              <value>
                <![CDATA[codecontributors123@gmail.com]]>
              </value>
            </param>
            <param index="1">
              <value>
                <![CDATA[valid]]>
              </value>
            </param>
            <param index="2">
              <value>
                <![CDATA[]]>
              </value>
            </param>
            <param index="3">
              <value>
                <![CDATA[blank]]>
              </value>
            </param>
          </params>
          <reporter-output>
            <line>
              <![CDATA[Blank/Invalid password test passed]]>
            </line>
          </reporter-output>
        </test-method> <!-- loginTest -->
        <test-method status="PASS" signature="closeSite()[pri:3, instance:tests.FBLoginTest@cd2dae5]" name="closeSite" duration-ms="299" started-at="2020-11-21T20:53:07 IST" finished-at="2020-11-21T20:53:08 IST">
          <reporter-output>
          </reporter-output>
        </test-method> <!-- closeSite -->
      </class> <!-- tests.FBLoginTest -->
    </test> <!-- Test3 -->
  </suite> <!-- Suite -->
  <suite name="Suite (0)" duration-ms="86890" started-at="2020-11-21T20:53:08 IST" finished-at="2020-11-21T20:54:34 IST">
    <groups>
    </groups>
    <test name="Login Test" duration-ms="86890" started-at="2020-11-21T20:53:08 IST" finished-at="2020-11-21T20:54:34 IST">
      <class name="tests.FBLoginTestDataProvider">
        <test-method status="PASS" signature="launchSite()[pri:0, instance:tests.FBLoginTestDataProvider@51cdd8a]" name="launchSite" is-config="true" duration-ms="6138" started-at="2020-11-21T20:53:08 IST" finished-at="2020-11-21T20:53:14 IST">
          <reporter-output>
          </reporter-output>
        </test-method> <!-- launchSite -->
        <test-method status="FAIL" signature="loginTest(java.lang.String, java.lang.String, java.lang.String, java.lang.String)[pri:1, instance:tests.FBLoginTestDataProvider@51cdd8a]" name="loginTest" duration-ms="7296" started-at="2020-11-21T20:53:14 IST" data-provider="testdata" finished-at="2020-11-21T20:53:21 IST">
          <params>
            <param index="0">
              <value>
                <![CDATA[]]>
              </value>
            </param>
            <param index="1">
              <value>
                <![CDATA[blank]]>
              </value>
            </param>
            <param index="2">
              <value>
                <![CDATA[PNRSIR@123]]>
              </value>
            </param>
            <param index="3">
              <value>
                <![CDATA[alid]]>
              </value>
            </param>
          </params>
          <exception class="java.lang.AssertionError">
            <message>
              <![CDATA[expected [true] but found [false]]]>
            </message>
            <full-stacktrace>
              <![CDATA[java.lang.AssertionError: expected [true] but found [false]
at org.testng.Assert.fail(Assert.java:99)
at org.testng.Assert.failNotEquals(Assert.java:1037)
at org.testng.Assert.assertTrue(Assert.java:45)
at org.testng.Assert.assertTrue(Assert.java:55)
at tests.FBLoginTestDataProvider.loginTest(FBLoginTestDataProvider.java:115)
at sun.reflect.NativeMethodAccessorImpl.invoke0(Native Method)
at sun.reflect.NativeMethodAccessorImpl.invoke(NativeMethodAccessorImpl.java:62)
at sun.reflect.DelegatingMethodAccessorImpl.invoke(DelegatingMethodAccessorImpl.java:43)
at java.lang.reflect.Method.invoke(Method.java:498)
at org.testng.internal.MethodInvocationHelper.invokeMethod(MethodInvocationHelper.java:132)
at org.testng.internal.TestInvoker.invokeMethod(TestInvoker.java:599)
at org.testng.internal.TestInvoker.invokeTestMethod(TestInvoker.java:174)
at org.testng.internal.MethodRunner.runInSequence(MethodRunner.java:46)
at org.testng.internal.TestInvoker$MethodInvocationAgent.invoke(TestInvoker.java:822)
at org.testng.internal.TestInvoker.invokeTestMethods(TestInvoker.java:147)
at org.testng.internal.TestMethodWorker.invokeTestMethods(TestMethodWorker.java:146)
at org.testng.internal.TestMethodWorker.run(TestMethodWorker.java:128)
at java.util.ArrayList.forEach(ArrayList.java:1257)
at org.testng.TestRunner.privateRun(TestRunner.java:764)
at org.testng.TestRunner.run(TestRunner.java:585)
at org.testng.SuiteRunner.runTest(SuiteRunner.java:384)
at org.testng.SuiteRunner.runSequentially(SuiteRunner.java:378)
at org.testng.SuiteRunner.privateRun(SuiteRunner.java:337)
at org.testng.SuiteRunner.run(SuiteRunner.java:286)
at org.testng.SuiteRunnerWorker.runSuite(SuiteRunnerWorker.java:53)
at org.testng.SuiteRunnerWorker.run(SuiteRunnerWorker.java:96)
at org.testng.TestNG.runSuitesSequentially(TestNG.java:1218)
at org.testng.TestNG.runSuitesLocally(TestNG.java:1140)
at org.testng.TestNG.runSuites(TestNG.java:1069)
at org.testng.TestNG.run(TestNG.java:1037)
at org.apache.maven.surefire.testng.TestNGExecutor.run(TestNGExecutor.java:283)
at org.apache.maven.surefire.testng.TestNGXmlTestSuite.execute(TestNGXmlTestSuite.java:75)
at org.apache.maven.surefire.testng.TestNGProvider.invoke(TestNGProvider.java:120)
at org.apache.maven.surefire.booter.ForkedBooter.invokeProviderInSameClassLoader(ForkedBooter.java:384)
at org.apache.maven.surefire.booter.ForkedBooter.runSuitesInProcess(ForkedBooter.java:345)
at org.apache.maven.surefire.booter.ForkedBooter.execute(ForkedBooter.java:126)
at org.apache.maven.surefire.booter.ForkedBooter.main(ForkedBooter.java:418)
]]>
            </full-stacktrace>
          </exception> <!-- java.lang.AssertionError -->
          <reporter-output>
            <line>
              <![CDATA[Login test failed]]>
            </line>
            <line>
              <![CDATA[<img src="file:///E:\Automation\AutomationNested\com.tddtestng.gui.facebook\21-Nov-2020-08-53-20.png" alt=""/>]]>
            </line>
          </reporter-output>
        </test-method> <!-- loginTest -->
        <test-method status="PASS" signature="closeSite()[pri:0, instance:tests.FBLoginTestDataProvider@51cdd8a]" name="closeSite" is-config="true" duration-ms="158" started-at="2020-11-21T20:53:21 IST" finished-at="2020-11-21T20:53:21 IST">
          <reporter-output>
          </reporter-output>
        </test-method> <!-- closeSite -->
        <test-method status="PASS" signature="launchSite()[pri:0, instance:tests.FBLoginTestDataProvider@51cdd8a]" name="launchSite" is-config="true" duration-ms="12551" started-at="2020-11-21T20:53:21 IST" finished-at="2020-11-21T20:53:34 IST">
          <reporter-output>
          </reporter-output>
        </test-method> <!-- launchSite -->
        <test-method status="PASS" signature="loginTest(java.lang.String, java.lang.String, java.lang.String, java.lang.String)[pri:1, instance:tests.FBLoginTestDataProvider@51cdd8a]" name="loginTest" duration-ms="13320" started-at="2020-11-21T20:53:34 IST" data-provider="testdata" finished-at="2020-11-21T20:53:47 IST">
          <params>
            <param index="0">
              <value>
                <![CDATA[codenonnnncontributors123@gmail.com]]>
              </value>
            </param>
            <param index="1">
              <value>
                <![CDATA[invalid]]>
              </value>
            </param>
            <param index="2">
              <value>
                <![CDATA[PNRSIR@123]]>
              </value>
            </param>
            <param index="3">
              <value>
                <![CDATA[valid]]>
              </value>
            </param>
          </params>
          <reporter-output>
            <line>
              <![CDATA[Invalid email address test passed]]>
            </line>
          </reporter-output>
        </test-method> <!-- loginTest -->
        <test-method status="PASS" signature="closeSite()[pri:0, instance:tests.FBLoginTestDataProvider@51cdd8a]" name="closeSite" is-config="true" duration-ms="179" started-at="2020-11-21T20:53:47 IST" finished-at="2020-11-21T20:53:47 IST">
          <reporter-output>
          </reporter-output>
        </test-method> <!-- closeSite -->
        <test-method status="PASS" signature="launchSite()[pri:0, instance:tests.FBLoginTestDataProvider@51cdd8a]" name="launchSite" is-config="true" duration-ms="5567" started-at="2020-11-21T20:53:47 IST" finished-at="2020-11-21T20:53:53 IST">
          <reporter-output>
          </reporter-output>
        </test-method> <!-- launchSite -->
        <test-method status="PASS" signature="loginTest(java.lang.String, java.lang.String, java.lang.String, java.lang.String)[pri:1, instance:tests.FBLoginTestDataProvider@51cdd8a]" name="loginTest" duration-ms="6477" started-at="2020-11-21T20:53:53 IST" data-provider="testdata" finished-at="2020-11-21T20:53:59 IST">
          <params>
            <param index="0">
              <value>
                <![CDATA[codecontributors123@gmail.com]]>
              </value>
            </param>
            <param index="1">
              <value>
                <![CDATA[valid]]>
              </value>
            </param>
            <param index="2">
              <value>
                <![CDATA[]]>
              </value>
            </param>
            <param index="3">
              <value>
                <![CDATA[blank]]>
              </value>
            </param>
          </params>
          <reporter-output>
            <line>
              <![CDATA[Blank/Invalid password test passed]]>
            </line>
          </reporter-output>
        </test-method> <!-- loginTest -->
        <test-method status="PASS" signature="closeSite()[pri:0, instance:tests.FBLoginTestDataProvider@51cdd8a]" name="closeSite" is-config="true" duration-ms="117" started-at="2020-11-21T20:53:59 IST" finished-at="2020-11-21T20:53:59 IST">
          <reporter-output>
          </reporter-output>
        </test-method> <!-- closeSite -->
        <test-method status="PASS" signature="launchSite()[pri:0, instance:tests.FBLoginTestDataProvider@51cdd8a]" name="launchSite" is-config="true" duration-ms="9857" started-at="2020-11-21T20:53:59 IST" finished-at="2020-11-21T20:54:09 IST">
          <reporter-output>
          </reporter-output>
        </test-method> <!-- launchSite -->
        <test-method status="PASS" signature="loginTest(java.lang.String, java.lang.String, java.lang.String, java.lang.String)[pri:1, instance:tests.FBLoginTestDataProvider@51cdd8a]" name="loginTest" duration-ms="6756" started-at="2020-11-21T20:54:09 IST" data-provider="testdata" finished-at="2020-11-21T20:54:16 IST">
          <params>
            <param index="0">
              <value>
                <![CDATA[codecontributors123@gmail.com]]>
              </value>
            </param>
            <param index="1">
              <value>
                <![CDATA[valid]]>
              </value>
            </param>
            <param index="2">
              <value>
                <![CDATA[nageswararao]]>
              </value>
            </param>
            <param index="3">
              <value>
                <![CDATA[invalid]]>
              </value>
            </param>
          </params>
          <reporter-output>
            <line>
              <![CDATA[Blank/Invalid password test passed]]>
            </line>
          </reporter-output>
        </test-method> <!-- loginTest -->
        <test-method status="PASS" signature="closeSite()[pri:0, instance:tests.FBLoginTestDataProvider@51cdd8a]" name="closeSite" is-config="true" duration-ms="285" started-at="2020-11-21T20:54:16 IST" finished-at="2020-11-21T20:54:16 IST">
          <reporter-output>
          </reporter-output>
        </test-method> <!-- closeSite -->
        <test-method status="PASS" signature="launchSite()[pri:0, instance:tests.FBLoginTestDataProvider@51cdd8a]" name="launchSite" is-config="true" duration-ms="5950" started-at="2020-11-21T20:54:16 IST" finished-at="2020-11-21T20:54:22 IST">
          <reporter-output>
          </reporter-output>
        </test-method> <!-- launchSite -->
        <test-method status="PASS" signature="loginTest(java.lang.String, java.lang.String, java.lang.String, java.lang.String)[pri:1, instance:tests.FBLoginTestDataProvider@51cdd8a]" name="loginTest" duration-ms="11922" started-at="2020-11-21T20:54:22 IST" data-provider="testdata" finished-at="2020-11-21T20:54:34 IST">
          <params>
            <param index="0">
              <value>
                <![CDATA[codecontributors123@gmail.com]]>
              </value>
            </param>
            <param index="1">
              <value>
                <![CDATA[valid]]>
              </value>
            </param>
            <param index="2">
              <value>
                <![CDATA[PNRSIR@123]]>
              </value>
            </param>
            <param index="3">
              <value>
                <![CDATA[valid]]>
              </value>
            </param>
          </params>
          <reporter-output>
            <line>
              <![CDATA[Login test passed]]>
            </line>
          </reporter-output>
        </test-method> <!-- loginTest -->
        <test-method status="PASS" signature="closeSite()[pri:0, instance:tests.FBLoginTestDataProvider@51cdd8a]" name="closeSite" is-config="true" duration-ms="243" started-at="2020-11-21T20:54:34 IST" finished-at="2020-11-21T20:54:34 IST">
          <reporter-output>
          </reporter-output>
        </test-method> <!-- closeSite -->
      </class> <!-- tests.FBLoginTestDataProvider -->
    </test> <!-- Login Test -->
  </suite> <!-- Suite (0) -->
</testng-results>
