<?xml version="1.0" encoding="UTF-8"?>
<testsuite xmlns:xsi="http://www.w3.org/2001/XMLSchema-instance" xsi:noNamespaceSchemaLocation="https://maven.apache.org/surefire/maven-surefire-plugin/xsd/surefire-test-report-3.0.xsd" version="3.0" name="TestSuite" time="663.254" tests="7" errors="0" skipped="2" failures="1">
  <properties>
[...]
</properties>
  <testcase name="loginTest" classname="tests.FBLoginTestDataProvider" time="6.544"/>
  <testcase name="loginTest" classname="tests.FBLoginTestDataProvider" time="7.441"/>
  <testcase name="loginTest" classname="tests.FBLoginTestDataProvider" time="6.495"/>
  <testcase name="loginTest" classname="tests.FBLoginTestDataProvider" time="6.573"/>
  <testcase name="loginTest" classname="tests.FBLoginTestDataProvider" time="0">
    <skipped message="session not created&#10;from timeout: Timed out receiving message from renderer: 600.000&#10;  (Session info: chrome=87.0.4280.66)&#10;Build info: version: &apos;3.141.59&apos;, revision: &apos;e82be7d358&apos;, time: &apos;2018-11-14T08:17:03&apos;&#10;System info: host: &apos;DESKTOP-D8HNM4S&apos;, ip: &apos;192.168.1.7&apos;, os.name: &apos;Windows 10&apos;, os.arch: &apos;amd64&apos;, os.version: &apos;10.0&apos;, java.version: &apos;1.8.0_181&apos;&#10;Driver info: driver.version: ChromeDriver&#10;remote stacktrace: Backtrace:&#10;	Ordinal0 [0x00A6ECE3+3337443]&#10;	Ordinal0 [0x0094F041+2158657]&#10;	Ordinal0 [0x007D6FA8+618408]&#10;	Ordinal0 [0x007CAE8F+568975]&#10;	Ordinal0 [0x007CA131+565553]&#10;	Ordinal0 [0x007CA525+566565]&#10;	Ordinal0 [0x007C9E45+564805]&#10;	Ordinal0 [0x007D35C1+603585]&#10;	Ordinal0 [0x007C9E01+564737]&#10;	Ordinal0 [0x007CABB2+568242]&#10;	Ordinal0 [0x007CA131+565553]&#10;	Ordinal0 [0x007CA525+566565]&#10;	Ordinal0 [0x007C9E45+564805]&#10;	Ordinal0 [0x007D1A3C+596540]&#10;	Ordinal0 [0x007C9E01+564737]&#10;	Ordinal0 [0x007CABB2+568242]&#10;	Ordinal0 [0x007CA131+565553]&#10;	Ordinal0 [0x007CA525+566565]&#10;	Ordinal0 [0x007C9E45+564805]&#10;	Ordinal0 [0x007CFB72+588658]&#10;	Ordinal0 [0x007C9E01+564737]&#10;	Ordinal0 [0x007CABB2+568242]&#10;	Ordinal0 [0x007CA131+565553]&#10;	Ordinal0 [0x007CA525+566565]&#10;	Ordinal0 [0x007C9E45+564805]&#10;	Ordinal0 [0x007CED85+585093]&#10;	Ordinal0 [0x007C9E01+564737]&#10;	Ordinal0 [0x007CABB2+568242]&#10;	Ordinal0 [0x007CA131+565553]&#10;	Ordinal0 [0x007CA525+566565]&#10;	Ordinal0 [0x007C9E45+564805]&#10;	Ordinal0 [0x007C6486+550022]&#10;	Ordinal0 [0x007C9E01+564737]&#10;	Ordinal0 [0x007C9C23+564259]&#10;	Ordinal0 [0x007C9A17+563735]&#10;	Ordinal0 [0x007D7FD0+622544]&#10;	Ordinal0 [0x00776B2D+224045]&#10;	Ordinal0 [0x00775BFC+220156]&#10;	Ordinal0 [0x0077181B+202779]&#10;	Ordinal0 [0x00753D74+81268]&#10;	Ordinal0 [0x00754D6E+85358]&#10;	Ordinal0 [0x00754CF9+85241]&#10;	Ordinal0 [0x00966F2C+2256684]&#10;	GetHandleVerifier [0x00BF2FAC+1478332]&#10;	GetHandleVerifier [0x00BF2AFD+1477133]&#10;	GetHandleVerifier [0x00BFAAD8+1509864]&#10;	GetHandleVerifier [0x00BF369E+1480110]&#10;	Ordinal0 [0x0095D6BD+2217661]&#10;	Ordinal0 [0x009689AB+2263467]&#10;	Ordinal0 [0x00968AEF+2263791]&#10;	Ordinal0 [0x0097D363+2347875]&#10;	BaseThreadInitThunk [0x77966359+25]&#10;	RtlGetAppContainerNamedObjectPath [0x77C28944+228]&#10;	RtlGetAppContainerNamedObjectPath [0x77C28914+180]&#10;"/>
  </testcase>
  <testcase name="launchSite" classname="tests.FBLoginTestDataProvider" time="612.477">
    <failure message="session not created&#10;from timeout: Timed out receiving message from renderer: 600.000&#10;  (Session info: chrome=87.0.4280.66)&#10;Build info: version: &apos;3.141.59&apos;, revision: &apos;e82be7d358&apos;, time: &apos;2018-11-14T08:17:03&apos;&#10;System info: host: &apos;DESKTOP-D8HNM4S&apos;, ip: &apos;192.168.1.7&apos;, os.name: &apos;Windows 10&apos;, os.arch: &apos;amd64&apos;, os.version: &apos;10.0&apos;, java.version: &apos;1.8.0_181&apos;&#10;Driver info: driver.version: ChromeDriver&#10;remote stacktrace: Backtrace:&#10;	Ordinal0 [0x00A6ECE3+3337443]&#10;	Ordinal0 [0x0094F041+2158657]&#10;	Ordinal0 [0x007D6FA8+618408]&#10;	Ordinal0 [0x007CAE8F+568975]&#10;	Ordinal0 [0x007CA131+565553]&#10;	Ordinal0 [0x007CA525+566565]&#10;	Ordinal0 [0x007C9E45+564805]&#10;	Ordinal0 [0x007D35C1+603585]&#10;	Ordinal0 [0x007C9E01+564737]&#10;	Ordinal0 [0x007CABB2+568242]&#10;	Ordinal0 [0x007CA131+565553]&#10;	Ordinal0 [0x007CA525+566565]&#10;	Ordinal0 [0x007C9E45+564805]&#10;	Ordinal0 [0x007D1A3C+596540]&#10;	Ordinal0 [0x007C9E01+564737]&#10;	Ordinal0 [0x007CABB2+568242]&#10;	Ordinal0 [0x007CA131+565553]&#10;	Ordinal0 [0x007CA525+566565]&#10;	Ordinal0 [0x007C9E45+564805]&#10;	Ordinal0 [0x007CFB72+588658]&#10;	Ordinal0 [0x007C9E01+564737]&#10;	Ordinal0 [0x007CABB2+568242]&#10;	Ordinal0 [0x007CA131+565553]&#10;	Ordinal0 [0x007CA525+566565]&#10;	Ordinal0 [0x007C9E45+564805]&#10;	Ordinal0 [0x007CED85+585093]&#10;	Ordinal0 [0x007C9E01+564737]&#10;	Ordinal0 [0x007CABB2+568242]&#10;	Ordinal0 [0x007CA131+565553]&#10;	Ordinal0 [0x007CA525+566565]&#10;	Ordinal0 [0x007C9E45+564805]&#10;	Ordinal0 [0x007C6486+550022]&#10;	Ordinal0 [0x007C9E01+564737]&#10;	Ordinal0 [0x007C9C23+564259]&#10;	Ordinal0 [0x007C9A17+563735]&#10;	Ordinal0 [0x007D7FD0+622544]&#10;	Ordinal0 [0x00776B2D+224045]&#10;	Ordinal0 [0x00775BFC+220156]&#10;	Ordinal0 [0x0077181B+202779]&#10;	Ordinal0 [0x00753D74+81268]&#10;	Ordinal0 [0x00754D6E+85358]&#10;	Ordinal0 [0x00754CF9+85241]&#10;	Ordinal0 [0x00966F2C+2256684]&#10;	GetHandleVerifier [0x00BF2FAC+1478332]&#10;	GetHandleVerifier [0x00BF2AFD+1477133]&#10;	GetHandleVerifier [0x00BFAAD8+1509864]&#10;	GetHandleVerifier [0x00BF369E+1480110]&#10;	Ordinal0 [0x0095D6BD+2217661]&#10;	Ordinal0 [0x009689AB+2263467]&#10;	Ordinal0 [0x00968AEF+2263791]&#10;	Ordinal0 [0x0097D363+2347875]&#10;	BaseThreadInitThunk [0x77966359+25]&#10;	RtlGetAppContainerNamedObjectPath [0x77C28944+228]&#10;	RtlGetAppContainerNamedObjectPath [0x77C28914+180]&#10;" type="org.openqa.selenium.SessionNotCreatedException">org.openqa.selenium.SessionNotCreatedException: 
session not created
from timeout: Timed out receiving message from renderer: 600.000
  (Session info: chrome=87.0.4280.66)
Build info: version: '3.141.59', revision: 'e82be7d358', time: '2018-11-14T08:17:03'
System info: host: 'DESKTOP-D8HNM4S', ip: '192.168.1.7', os.name: 'Windows 10', os.arch: 'amd64', os.version: '10.0', java.version: '1.8.0_181'
Driver info: driver.version: ChromeDriver
remote stacktrace: Backtrace:
	Ordinal0 [0x00A6ECE3+3337443]
	Ordinal0 [0x0094F041+2158657]
	Ordinal0 [0x007D6FA8+618408]
	Ordinal0 [0x007CAE8F+568975]
	Ordinal0 [0x007CA131+565553]
	Ordinal0 [0x007CA525+566565]
	Ordinal0 [0x007C9E45+564805]
	Ordinal0 [0x007D35C1+603585]
	Ordinal0 [0x007C9E01+564737]
	Ordinal0 [0x007CABB2+568242]
	Ordinal0 [0x007CA131+565553]
	Ordinal0 [0x007CA525+566565]
	Ordinal0 [0x007C9E45+564805]
	Ordinal0 [0x007D1A3C+596540]
	Ordinal0 [0x007C9E01+564737]
	Ordinal0 [0x007CABB2+568242]
	Ordinal0 [0x007CA131+565553]
	Ordinal0 [0x007CA525+566565]
	Ordinal0 [0x007C9E45+564805]
	Ordinal0 [0x007CFB72+588658]
	Ordinal0 [0x007C9E01+564737]
	Ordinal0 [0x007CABB2+568242]
	Ordinal0 [0x007CA131+565553]
	Ordinal0 [0x007CA525+566565]
	Ordinal0 [0x007C9E45+564805]
	Ordinal0 [0x007CED85+585093]
	Ordinal0 [0x007C9E01+564737]
	Ordinal0 [0x007CABB2+568242]
	Ordinal0 [0x007CA131+565553]
	Ordinal0 [0x007CA525+566565]
	Ordinal0 [0x007C9E45+564805]
	Ordinal0 [0x007C6486+550022]
	Ordinal0 [0x007C9E01+564737]
	Ordinal0 [0x007C9C23+564259]
	Ordinal0 [0x007C9A17+563735]
	Ordinal0 [0x007D7FD0+622544]
	Ordinal0 [0x00776B2D+224045]
	Ordinal0 [0x00775BFC+220156]
	Ordinal0 [0x0077181B+202779]
	Ordinal0 [0x00753D74+81268]
	Ordinal0 [0x00754D6E+85358]
	Ordinal0 [0x00754CF9+85241]
	Ordinal0 [0x00966F2C+2256684]
	GetHandleVerifier [0x00BF2FAC+1478332]
	GetHandleVerifier [0x00BF2AFD+1477133]
	GetHandleVerifier [0x00BFAAD8+1509864]
	GetHandleVerifier [0x00BF369E+1480110]
	Ordinal0 [0x0095D6BD+2217661]
	Ordinal0 [0x009689AB+2263467]
	Ordinal0 [0x00968AEF+2263791]
	Ordinal0 [0x0097D363+2347875]
	BaseThreadInitThunk [0x77966359+25]
	RtlGetAppContainerNamedObjectPath [0x77C28944+228]
	RtlGetAppContainerNamedObjectPath [0x77C28914+180]

	at tests.FBLoginTestDataProvider.launchSite(FBLoginTestDataProvider.java:52)
</failure>
    <system-err><![CDATA[Starting ChromeDriver 87.0.4280.20 (c99e81631faa0b2a448e658c0dbd8311fb04ddbd-refs/branch-heads/4280@{#355}) on port 2664
Only local connections are allowed.
Please see https://chromedriver.chromium.org/security-considerations for suggestions on keeping ChromeDriver safe.
ChromeDriver was started successfully.
[1606119332.863][SEVERE]: Timed out receiving message from renderer: 600.000
]]></system-err>
  </testcase>
  <testcase name="closeSite" classname="tests.FBLoginTestDataProvider" time="0">
    <skipped/>
  </testcase>
</testsuite>