-------------------------------------------------------------------------------
Test set: TestSuite
-------------------------------------------------------------------------------
Tests run: 20, Failures: 1, Errors: 0, Skipped: 0, Time elapsed: 130.476 s <<< FAILURE! - in TestSuite
loginTest(tests.FBLoginTestDataProvider)  Time elapsed: 7.363 s  <<< FAILURE!
java.lang.AssertionError: expected [true] but found [false]
	at tests.FBLoginTestDataProvider.loginTest(FBLoginTestDataProvider.java:115)

