<?xml version="1.0" encoding="UTF-8"?>
<!-- Generated by org.testng.reporters.JUnitXMLReporter -->
<testsuite hostname="DESKTOP-D8HNM4S" ignored="0" name="Login Test" tests="5" failures="1" timestamp="2020-11-23T13:28:32 IST" time="75.419" errors="0">
  <testcase name="loginTest" time="7.048" classname="tests.FBLoginTestDataProvider">
    <failure type="java.lang.AssertionError" message="expected [true] but found [false]">
      <![CDATA[java.lang.AssertionError: expected [true] but found [false]
at tests.FBLoginTestDataProvider.loginTest(FBLoginTestDataProvider.java:115)
at java.util.ArrayList.forEach(ArrayList.java:1257)
... Removed 35 stack frames]]>
    </failure>
  </testcase> <!-- loginTest -->
  <testcase name="loginTest" time="6.643" classname="tests.FBLoginTestDataProvider"/>
  <testcase name="loginTest" time="6.596" classname="tests.FBLoginTestDataProvider"/>
  <testcase name="loginTest" time="6.586" classname="tests.FBLoginTestDataProvider"/>
  <testcase name="loginTest" time="10.967" classname="tests.FBLoginTestDataProvider"/>
</testsuite> <!-- Login Test -->
