<?xml version="1.0" encoding="UTF-8"?>
<!-- Generated by org.testng.reporters.JUnitXMLReporter -->
<testsuite hostname="DESKTOP-D8HNM4S" ignored="0" name="Login Test" tests="5" failures="1" timestamp="2020-11-21T20:54:34 IST" time="86.89" errors="0">
  <testcase name="loginTest" time="7.296" classname="tests.FBLoginTestDataProvider">
    <failure type="java.lang.AssertionError" message="expected [true] but found [false]">
      <![CDATA[java.lang.AssertionError: expected [true] but found [false]
at tests.FBLoginTestDataProvider.loginTest(FBLoginTestDataProvider.java:115)
at java.util.ArrayList.forEach(ArrayList.java:1257)
... Removed 35 stack frames]]>
    </failure>
  </testcase> <!-- loginTest -->
  <testcase name="loginTest" time="13.32" classname="tests.FBLoginTestDataProvider"/>
  <testcase name="loginTest" time="6.477" classname="tests.FBLoginTestDataProvider"/>
  <testcase name="loginTest" time="6.756" classname="tests.FBLoginTestDataProvider"/>
  <testcase name="loginTest" time="11.922" classname="tests.FBLoginTestDataProvider"/>
</testsuite> <!-- Login Test -->
